A D/pam_access////
A D/pam_cracklib////
A D/pam_debug////
A D/pam_deny////
A D/pam_env////
A D/pam_filter////
A D/pam_ftp////
A D/pam_group////
A D/pam_issue////
A D/pam_lastlog////
A D/pam_limits////
A D/pam_listfile////
A D/pam_mail////
A D/pam_mkhomedir////
A D/pam_motd////
A D/pam_nologin////
A D/pam_permit////
A D/pam_pwdb////
A D/pam_radius////
A D/pam_rhosts////
A D/pam_rootok////
A D/pam_securetty////
A D/pam_shells////
A D/pam_stress////
A D/pam_tally////
A D/pam_time////
A D/pam_unix////
A D/pam_userdb////
A D/pam_warn////
A D/pam_wheel////
A D/pammodutil////
